mode: atomic
uangel.com/usmsf/common/clustermode.go:18.49,19.36 1 0
uangel.com/usmsf/common/clustermode.go:26.2,26.26 1 0
uangel.com/usmsf/common/clustermode.go:19.36,21.3 1 0
uangel.com/usmsf/common/clustermode.go:21.8,21.48 1 0
uangel.com/usmsf/common/clustermode.go:21.48,23.3 1 0
uangel.com/usmsf/common/clustermode.go:23.8,23.41 1 0
uangel.com/usmsf/common/clustermode.go:23.41,25.3 1 0
uangel.com/usmsf/common/expiremap.go:32.70,33.21 1 1
uangel.com/usmsf/common/expiremap.go:36.2,36.19 1 1
uangel.com/usmsf/common/expiremap.go:39.2,44.34 2 1
uangel.com/usmsf/common/expiremap.go:51.2,52.10 2 1
uangel.com/usmsf/common/expiremap.go:33.21,35.3 1 1
uangel.com/usmsf/common/expiremap.go:36.19,38.3 1 0
uangel.com/usmsf/common/expiremap.go:44.34,49.3 1 32
uangel.com/usmsf/common/expiremap.go:56.29,58.2 1 1
uangel.com/usmsf/common/expiremap.go:61.58,63.2 1 10
uangel.com/usmsf/common/expiremap.go:66.33,68.33 2 7
uangel.com/usmsf/common/expiremap.go:73.2,73.14 1 7
uangel.com/usmsf/common/expiremap.go:68.33,72.3 3 224
uangel.com/usmsf/common/expiremap.go:77.90,82.9 5 1
uangel.com/usmsf/common/expiremap.go:85.2,87.25 3 1
uangel.com/usmsf/common/expiremap.go:82.9,84.3 1 0
uangel.com/usmsf/common/expiremap.go:91.57,96.9 5 5
uangel.com/usmsf/common/expiremap.go:99.2,99.25 1 3
uangel.com/usmsf/common/expiremap.go:96.9,98.3 1 2
uangel.com/usmsf/common/expiremap.go:103.79,108.8 5 3
uangel.com/usmsf/common/expiremap.go:114.2,122.13 6 3
uangel.com/usmsf/common/expiremap.go:108.8,113.3 4 0
uangel.com/usmsf/common/expiremap.go:126.87,131.8 5 0
uangel.com/usmsf/common/expiremap.go:134.2,142.13 6 0
uangel.com/usmsf/common/expiremap.go:131.8,133.3 1 0
uangel.com/usmsf/common/expiremap.go:146.73,147.31 1 0
uangel.com/usmsf/common/expiremap.go:147.31,149.3 1 0
uangel.com/usmsf/common/expiremap.go:153.52,158.9 5 1
uangel.com/usmsf/common/expiremap.go:161.2,163.19 3 1
uangel.com/usmsf/common/expiremap.go:158.9,160.3 1 0
uangel.com/usmsf/common/expiremap.go:167.33,168.33 1 0
uangel.com/usmsf/common/expiremap.go:168.33,170.46 2 0
uangel.com/usmsf/common/expiremap.go:180.3,180.17 1 0
uangel.com/usmsf/common/expiremap.go:170.46,172.19 2 0
uangel.com/usmsf/common/expiremap.go:175.4,178.33 4 0
uangel.com/usmsf/common/expiremap.go:172.19,173.10 1 0
uangel.com/usmsf/common/expiremap.go:184.42,186.33 2 8
uangel.com/usmsf/common/expiremap.go:186.33,188.46 2 256
uangel.com/usmsf/common/expiremap.go:203.3,203.17 1 256
uangel.com/usmsf/common/expiremap.go:188.46,190.43 2 7
uangel.com/usmsf/common/expiremap.go:193.4,198.23 6 1
uangel.com/usmsf/common/expiremap.go:201.4,201.16 1 1
uangel.com/usmsf/common/expiremap.go:190.43,191.10 1 6
uangel.com/usmsf/common/expiremap.go:198.23,200.5 1 1
uangel.com/usmsf/common/expiremap.go:208.35,209.28 1 1
uangel.com/usmsf/common/expiremap.go:212.2,212.15 1 0
uangel.com/usmsf/common/expiremap.go:209.28,211.3 1 8
uangel.com/usmsf/common/expiremap.go:215.48,218.32 3 10
uangel.com/usmsf/common/expiremap.go:222.2,222.13 1 10
uangel.com/usmsf/common/expiremap.go:218.32,221.3 2 76
uangel.com/usmsf/common/timerheap.go:25.40,27.2 1 0
uangel.com/usmsf/common/timerheap.go:30.67,35.2 1 0
uangel.com/usmsf/common/timerheap.go:38.40,40.2 1 0
uangel.com/usmsf/common/timerheap.go:43.46,45.2 1 0
uangel.com/usmsf/common/timerheap.go:48.45,50.2 1 0
uangel.com/usmsf/common/timerheap.go:57.32,63.2 3 32
uangel.com/usmsf/common/timerheap.go:66.43,67.23 1 7
uangel.com/usmsf/common/timerheap.go:70.2,70.19 1 7
uangel.com/usmsf/common/timerheap.go:67.23,69.3 1 0
uangel.com/usmsf/common/timerheap.go:74.43,75.23 1 0
uangel.com/usmsf/common/timerheap.go:78.2,78.32 1 0
uangel.com/usmsf/common/timerheap.go:75.23,77.3 1 0
uangel.com/usmsf/common/timerheap.go:82.37,84.2 1 0
uangel.com/usmsf/common/timerheap.go:87.47,89.2 1 1
uangel.com/usmsf/common/timerheap.go:92.46,94.2 1 1
uangel.com/usmsf/common/timerheap.go:97.48,99.2 1 3
uangel.com/usmsf/common/timerheap.go:102.57,104.2 1 0
uangel.com/usmsf/common/timerheap.go:107.50,109.2 1 1
uangel.com/usmsf/common/timerheap.go:112.31,114.2 1 294
uangel.com/usmsf/common/timerheap.go:117.41,119.2 1 0
uangel.com/usmsf/common/timerheap.go:122.36,126.2 3 1
uangel.com/usmsf/common/timerheap.go:129.41,133.2 3 3
uangel.com/usmsf/common/timerheap.go:136.39,143.2 6 2
uangel.com/usmsf/common/timerqueue.go:19.32,19.50 1 0
uangel.com/usmsf/common/timerqueue.go:22.42,24.2 1 0
uangel.com/usmsf/common/timerqueue.go:27.37,31.2 3 0
uangel.com/usmsf/common/timerqueue.go:34.43,39.2 4 0
uangel.com/usmsf/common/timerqueue.go:42.41,49.2 6 0
uangel.com/usmsf/common/timerqueue.go:52.84,56.2 3 0
uangel.com/usmsf/common/config.go:33.35,34.16 1 0
uangel.com/usmsf/common/config.go:38.2,38.12 1 0
uangel.com/usmsf/common/config.go:34.16,36.3 1 0
uangel.com/usmsf/common/config.go:42.43,44.35 2 0
uangel.com/usmsf/common/config.go:55.2,56.12 2 0
uangel.com/usmsf/common/config.go:44.35,45.32 1 0
uangel.com/usmsf/common/config.go:45.32,47.4 1 0
uangel.com/usmsf/common/config.go:47.9,47.43 1 0
uangel.com/usmsf/common/config.go:47.43,49.4 1 0
uangel.com/usmsf/common/config.go:49.9,51.4 1 0
uangel.com/usmsf/common/config.go:52.8,54.3 1 0
uangel.com/usmsf/common/config.go:59.41,65.19 6 0
uangel.com/usmsf/common/config.go:77.2,77.15 1 0
uangel.com/usmsf/common/config.go:80.2,80.12 1 0
uangel.com/usmsf/common/config.go:65.19,66.23 1 0
uangel.com/usmsf/common/config.go:75.3,75.34 1 0
uangel.com/usmsf/common/config.go:66.23,67.31 1 0
uangel.com/usmsf/common/config.go:67.31,69.5 1 0
uangel.com/usmsf/common/config.go:70.9,70.31 1 0
uangel.com/usmsf/common/config.go:70.31,71.32 1 0
uangel.com/usmsf/common/config.go:71.32,73.5 1 0
uangel.com/usmsf/common/config.go:77.15,79.3 1 0
uangel.com/usmsf/common/config.go:84.43,86.21 2 0
uangel.com/usmsf/common/config.go:90.2,91.21 2 0
uangel.com/usmsf/common/config.go:95.2,96.16 2 0
uangel.com/usmsf/common/config.go:100.2,101.29 2 0
uangel.com/usmsf/common/config.go:105.2,105.25 1 0
uangel.com/usmsf/common/config.go:86.21,88.3 1 0
uangel.com/usmsf/common/config.go:91.21,93.3 1 0
uangel.com/usmsf/common/config.go:96.16,98.3 1 0
uangel.com/usmsf/common/config.go:101.29,103.3 1 0
uangel.com/usmsf/common/echolog.go:37.57,40.2 2 0
uangel.com/usmsf/common/echolog.go:47.38,49.2 1 0
uangel.com/usmsf/common/echolog.go:52.45,59.2 5 1
uangel.com/usmsf/common/echolog.go:62.41,64.2 1 0
uangel.com/usmsf/common/echolog.go:67.46,69.2 0 0
uangel.com/usmsf/common/echolog.go:72.38,74.2 1 0
uangel.com/usmsf/common/echolog.go:77.42,79.2 1 0
uangel.com/usmsf/common/echolog.go:82.38,84.2 1 0
uangel.com/usmsf/common/echolog.go:87.42,89.2 1 0
uangel.com/usmsf/common/echolog.go:92.46,94.2 1 0
uangel.com/usmsf/common/echolog.go:97.65,99.2 1 0
uangel.com/usmsf/common/echolog.go:102.41,104.16 2 0
uangel.com/usmsf/common/echolog.go:107.2,107.29 1 0
uangel.com/usmsf/common/echolog.go:104.16,105.13 1 0
uangel.com/usmsf/common/echolog.go:111.46,112.25 1 0
uangel.com/usmsf/common/echolog.go:115.2,115.36 1 0
uangel.com/usmsf/common/echolog.go:112.25,114.3 1 0
uangel.com/usmsf/common/echolog.go:119.65,120.25 1 0
uangel.com/usmsf/common/echolog.go:123.2,123.35 1 0
uangel.com/usmsf/common/echolog.go:120.25,122.3 1 0
uangel.com/usmsf/common/echolog.go:127.41,128.25 1 0
uangel.com/usmsf/common/echolog.go:131.2,132.16 2 0
uangel.com/usmsf/common/echolog.go:135.2,135.29 1 0
uangel.com/usmsf/common/echolog.go:128.25,130.3 1 0
uangel.com/usmsf/common/echolog.go:132.16,133.13 1 0
uangel.com/usmsf/common/echolog.go:139.45,140.24 1 0
uangel.com/usmsf/common/echolog.go:143.2,143.35 1 0
uangel.com/usmsf/common/echolog.go:140.24,142.3 1 0
uangel.com/usmsf/common/echolog.go:147.64,148.24 1 0
uangel.com/usmsf/common/echolog.go:151.2,151.34 1 0
uangel.com/usmsf/common/echolog.go:148.24,150.3 1 0
uangel.com/usmsf/common/echolog.go:155.40,156.24 1 0
uangel.com/usmsf/common/echolog.go:159.2,160.16 2 0
uangel.com/usmsf/common/echolog.go:163.2,163.28 1 0
uangel.com/usmsf/common/echolog.go:156.24,158.3 1 0
uangel.com/usmsf/common/echolog.go:160.16,161.13 1 0
uangel.com/usmsf/common/echolog.go:167.45,168.24 1 0
uangel.com/usmsf/common/echolog.go:171.2,171.35 1 0
uangel.com/usmsf/common/echolog.go:168.24,170.3 1 0
uangel.com/usmsf/common/echolog.go:175.64,176.24 1 0
uangel.com/usmsf/common/echolog.go:179.2,179.34 1 0
uangel.com/usmsf/common/echolog.go:176.24,178.3 1 0
uangel.com/usmsf/common/echolog.go:183.40,184.24 1 0
uangel.com/usmsf/common/echolog.go:187.2,188.16 2 0
uangel.com/usmsf/common/echolog.go:191.2,191.28 1 0
uangel.com/usmsf/common/echolog.go:184.24,186.3 1 0
uangel.com/usmsf/common/echolog.go:188.16,189.13 1 0
uangel.com/usmsf/common/echolog.go:195.46,196.25 1 0
uangel.com/usmsf/common/echolog.go:199.2,199.35 1 0
uangel.com/usmsf/common/echolog.go:196.25,198.3 1 0
uangel.com/usmsf/common/echolog.go:203.65,204.25 1 0
uangel.com/usmsf/common/echolog.go:207.2,207.35 1 0
uangel.com/usmsf/common/echolog.go:204.25,206.3 1 0
uangel.com/usmsf/common/echolog.go:211.41,212.25 1 0
uangel.com/usmsf/common/echolog.go:215.2,216.16 2 0
uangel.com/usmsf/common/echolog.go:219.2,219.29 1 0
uangel.com/usmsf/common/echolog.go:212.25,214.3 1 0
uangel.com/usmsf/common/echolog.go:216.16,217.13 1 0
uangel.com/usmsf/common/echolog.go:223.46,225.2 1 0
uangel.com/usmsf/common/echolog.go:228.65,230.2 1 0
uangel.com/usmsf/common/echolog.go:233.41,235.16 2 0
uangel.com/usmsf/common/echolog.go:238.2,238.29 1 0
uangel.com/usmsf/common/echolog.go:235.16,236.13 1 0
uangel.com/usmsf/common/echolog.go:242.46,244.2 1 0
uangel.com/usmsf/common/echolog.go:247.65,249.2 1 0
uangel.com/usmsf/common/echolog.go:252.41,254.16 2 0
uangel.com/usmsf/common/echolog.go:257.2,257.29 1 0
uangel.com/usmsf/common/echolog.go:254.16,255.13 1 0
uangel.com/usmsf/common/echolog.go:260.43,262.2 0 0
uangel.com/usmsf/common/file.go:11.41,13.9 2 0
uangel.com/usmsf/common/file.go:17.2,17.23 1 0
uangel.com/usmsf/common/file.go:13.9,14.33 1 0
uangel.com/usmsf/common/file.go:21.34,23.9 2 0
uangel.com/usmsf/common/file.go:27.2,27.17 1 0
uangel.com/usmsf/common/file.go:23.9,24.33 1 0
uangel.com/usmsf/common/file.go:31.34,33.9 2 0
uangel.com/usmsf/common/file.go:37.2,38.13 2 0
uangel.com/usmsf/common/file.go:41.2,41.10 1 0
uangel.com/usmsf/common/file.go:33.9,34.33 1 0
uangel.com/usmsf/common/file.go:38.13,40.3 1 0
uangel.com/usmsf/common/file.go:45.49,47.9 2 0
uangel.com/usmsf/common/file.go:51.2,52.13 2 0
uangel.com/usmsf/common/file.go:55.2,55.45 1 0
uangel.com/usmsf/common/file.go:47.9,48.33 1 0
uangel.com/usmsf/common/file.go:52.13,54.3 1 0
uangel.com/usmsf/common/file.go:59.37,61.24 2 0
uangel.com/usmsf/common/file.go:64.2,64.19 1 0
uangel.com/usmsf/common/file.go:61.24,63.3 1 0
uangel.com/usmsf/common/notcancel.go:13.53,15.2 1 0
uangel.com/usmsf/common/notcancel.go:18.51,20.2 1 0
uangel.com/usmsf/common/utils.go:21.31,25.2 3 0
uangel.com/usmsf/common/utils.go:28.45,30.2 1 0
uangel.com/usmsf/common/utils.go:33.37,36.2 2 0
uangel.com/usmsf/common/utils.go:39.51,42.2 2 0
uangel.com/usmsf/common/utils.go:45.38,59.2 4 0
uangel.com/usmsf/common/utils.go:62.48,64.33 2 0
uangel.com/usmsf/common/utils.go:67.2,67.15 1 0
uangel.com/usmsf/common/utils.go:64.33,66.3 1 0
uangel.com/usmsf/common/utils.go:77.86,78.26 1 0
uangel.com/usmsf/common/utils.go:89.2,89.14 1 0
uangel.com/usmsf/common/utils.go:78.26,79.64 1 0
uangel.com/usmsf/common/utils.go:79.64,80.52 1 0
uangel.com/usmsf/common/utils.go:80.52,82.5 1 0
uangel.com/usmsf/common/utils.go:83.9,84.18 1 0
uangel.com/usmsf/common/utils.go:84.18,86.5 1 0
uangel.com/usmsf/common/utils.go:93.60,98.32 5 0
uangel.com/usmsf/common/utils.go:152.2,152.21 1 0
uangel.com/usmsf/common/utils.go:167.2,167.18 1 0
uangel.com/usmsf/common/utils.go:98.32,99.17 1 0
uangel.com/usmsf/common/utils.go:100.13,100.13 0 0
uangel.com/usmsf/common/utils.go:101.13,101.13 0 0
uangel.com/usmsf/common/utils.go:102.12,102.12 0 0
uangel.com/usmsf/common/utils.go:103.12,106.31 3 0
uangel.com/usmsf/common/utils.go:109.4,109.17 1 0
uangel.com/usmsf/common/utils.go:116.4,116.15 1 0
uangel.com/usmsf/common/utils.go:117.12,120.19 3 0
uangel.com/usmsf/common/utils.go:123.4,125.15 3 0
uangel.com/usmsf/common/utils.go:128.4,130.18 3 0
uangel.com/usmsf/common/utils.go:133.4,134.15 2 0
uangel.com/usmsf/common/utils.go:135.12,138.33 3 0
uangel.com/usmsf/common/utils.go:141.4,141.33 1 0
uangel.com/usmsf/common/utils.go:145.4,145.17 1 0
uangel.com/usmsf/common/utils.go:149.4,149.15 1 0
uangel.com/usmsf/common/utils.go:106.31,108.5 1 0
uangel.com/usmsf/common/utils.go:109.17,110.19 1 0
uangel.com/usmsf/common/utils.go:113.5,114.14 2 0
uangel.com/usmsf/common/utils.go:110.19,112.6 1 0
uangel.com/usmsf/common/utils.go:120.19,122.5 1 0
uangel.com/usmsf/common/utils.go:125.15,127.5 1 0
uangel.com/usmsf/common/utils.go:130.18,132.5 1 0
uangel.com/usmsf/common/utils.go:138.33,140.5 1 0
uangel.com/usmsf/common/utils.go:141.33,144.5 2 0
uangel.com/usmsf/common/utils.go:145.17,148.5 2 0
uangel.com/usmsf/common/utils.go:152.21,155.32 3 0
uangel.com/usmsf/common/utils.go:158.3,158.32 1 0
uangel.com/usmsf/common/utils.go:162.3,162.16 1 0
uangel.com/usmsf/common/utils.go:155.32,157.4 1 0
uangel.com/usmsf/common/utils.go:158.32,161.4 2 0
uangel.com/usmsf/common/utils.go:162.16,164.4 1 0
uangel.com/usmsf/common/utils.go:174.64,176.16 2 0
uangel.com/usmsf/common/utils.go:179.2,180.16 2 0
uangel.com/usmsf/common/utils.go:184.2,185.16 2 0
uangel.com/usmsf/common/utils.go:188.2,189.16 2 0
uangel.com/usmsf/common/utils.go:193.2,194.35 2 0
uangel.com/usmsf/common/utils.go:176.16,178.3 1 0
uangel.com/usmsf/common/utils.go:180.16,182.3 1 0
uangel.com/usmsf/common/utils.go:185.16,187.3 1 0
uangel.com/usmsf/common/utils.go:189.16,191.3 1 0
uangel.com/usmsf/common/utils.go:197.45,199.31 2 0
uangel.com/usmsf/common/utils.go:207.2,207.14 1 0
uangel.com/usmsf/common/utils.go:199.31,201.34 2 0
uangel.com/usmsf/common/utils.go:205.3,205.79 1 0
uangel.com/usmsf/common/utils.go:201.34,204.4 2 0
uangel.com/usmsf/common/utils.go:211.60,213.28 2 0
uangel.com/usmsf/common/utils.go:216.2,216.33 1 0
uangel.com/usmsf/common/utils.go:223.2,223.14 1 0
uangel.com/usmsf/common/utils.go:213.28,215.3 1 0
uangel.com/usmsf/common/utils.go:216.33,217.36 1 0
uangel.com/usmsf/common/utils.go:217.36,218.20 1 0
uangel.com/usmsf/common/utils.go:218.20,220.5 1 0
uangel.com/usmsf/common/utils.go:230.99,232.16 2 0
uangel.com/usmsf/common/utils.go:236.2,237.68 2 0
uangel.com/usmsf/common/utils.go:241.2,242.33 2 0
uangel.com/usmsf/common/utils.go:248.2,249.72 2 0
uangel.com/usmsf/common/utils.go:255.2,256.9 2 0
uangel.com/usmsf/common/utils.go:259.2,259.34 1 0
uangel.com/usmsf/common/utils.go:232.16,234.3 1 0
uangel.com/usmsf/common/utils.go:237.68,239.3 1 0
uangel.com/usmsf/common/utils.go:242.33,244.3 1 0
uangel.com/usmsf/common/utils.go:244.8,246.3 1 0
uangel.com/usmsf/common/utils.go:249.72,250.73 1 0
uangel.com/usmsf/common/utils.go:250.73,252.4 1 0
uangel.com/usmsf/common/utils.go:256.9,258.3 1 0
uangel.com/usmsf/common/utils.go:263.97,265.16 2 0
uangel.com/usmsf/common/utils.go:269.2,270.33 2 0
uangel.com/usmsf/common/utils.go:274.2,275.31 2 0
uangel.com/usmsf/common/utils.go:281.2,283.16 3 0
uangel.com/usmsf/common/utils.go:287.2,288.9 2 0
uangel.com/usmsf/common/utils.go:291.2,291.33 1 0
uangel.com/usmsf/common/utils.go:265.16,267.3 1 0
uangel.com/usmsf/common/utils.go:270.33,272.3 1 0
uangel.com/usmsf/common/utils.go:275.31,277.3 1 0
uangel.com/usmsf/common/utils.go:277.8,279.3 1 0
uangel.com/usmsf/common/utils.go:283.16,285.3 1 0
uangel.com/usmsf/common/utils.go:288.9,290.3 1 0
uangel.com/usmsf/implements/utils/file.go:10.41,12.9 2 0
uangel.com/usmsf/implements/utils/file.go:16.2,16.23 1 0
uangel.com/usmsf/implements/utils/file.go:12.9,13.33 1 0
uangel.com/usmsf/implements/utils/file.go:20.34,22.9 2 0
uangel.com/usmsf/implements/utils/file.go:26.2,26.17 1 0
uangel.com/usmsf/implements/utils/file.go:22.9,23.33 1 0
uangel.com/usmsf/implements/utils/file.go:30.34,32.9 2 0
uangel.com/usmsf/implements/utils/file.go:36.2,37.13 2 0
uangel.com/usmsf/implements/utils/file.go:40.2,40.10 1 0
uangel.com/usmsf/implements/utils/file.go:32.9,33.33 1 0
uangel.com/usmsf/implements/utils/file.go:37.13,39.3 1 0
uangel.com/usmsf/implements/utils/file.go:44.49,46.9 2 0
uangel.com/usmsf/implements/utils/file.go:50.2,51.13 2 0
uangel.com/usmsf/implements/utils/file.go:54.2,54.45 1 0
uangel.com/usmsf/implements/utils/file.go:46.9,47.33 1 0
uangel.com/usmsf/implements/utils/file.go:51.13,53.3 1 0
uangel.com/usmsf/implements/utils/hash.go:6.33,10.2 3 0
uangel.com/usmsf/implements/utils/hash.go:12.38,15.32 3 10
uangel.com/usmsf/implements/utils/hash.go:19.2,19.13 1 10
uangel.com/usmsf/implements/utils/hash.go:15.32,18.3 2 76
uangel.com/usmsf/implements/utils/httpio.go:34.57,38.2 3 0
uangel.com/usmsf/implements/utils/httpio.go:41.40,44.6 3 0
uangel.com/usmsf/implements/utils/httpio.go:44.6,45.10 1 0
uangel.com/usmsf/implements/utils/httpio.go:46.17,47.32 1 0
uangel.com/usmsf/implements/utils/httpio.go:50.4,50.10 1 0
uangel.com/usmsf/implements/utils/httpio.go:51.14,54.17 3 0
uangel.com/usmsf/implements/utils/httpio.go:47.32,49.5 1 0
uangel.com/usmsf/implements/utils/httpio.go:60.35,62.2 1 0
uangel.com/usmsf/implements/utils/httpio.go:69.35,70.27 1 0
uangel.com/usmsf/implements/utils/httpio.go:74.2,74.19 1 0
uangel.com/usmsf/implements/utils/httpio.go:70.27,71.36 1 0
uangel.com/usmsf/implements/utils/httpio.go:72.3,72.43 1 0
uangel.com/usmsf/implements/utils/httpio.go:71.36,71.71 1 0
uangel.com/usmsf/implements/utils/httpio.go:78.27,80.2 1 0
uangel.com/usmsf/implements/utils/httpio.go:83.34,85.2 1 0
uangel.com/usmsf/implements/utils/httpio.go:89.124,90.24 1 0
uangel.com/usmsf/implements/utils/httpio.go:102.2,103.54 2 0
uangel.com/usmsf/implements/utils/httpio.go:90.24,91.39 1 0
uangel.com/usmsf/implements/utils/httpio.go:91.39,100.4 4 0
uangel.com/usmsf/implements/utils/httpio.go:107.108,111.2 3 0
uangel.com/usmsf/implements/utils/listener_unix.go:14.72,16.26 2 0
uangel.com/usmsf/implements/utils/listener_unix.go:20.2,20.36 1 0
uangel.com/usmsf/implements/utils/listener_unix.go:16.26,18.3 1 0
uangel.com/usmsf/implements/utils/timerheap.go:25.40,27.2 1 0
uangel.com/usmsf/implements/utils/timerheap.go:30.67,35.2 1 0
uangel.com/usmsf/implements/utils/timerheap.go:38.40,40.2 1 0
uangel.com/usmsf/implements/utils/timerheap.go:43.46,45.2 1 0
uangel.com/usmsf/implements/utils/timerheap.go:48.45,50.2 1 0
uangel.com/usmsf/implements/utils/timerheap.go:57.32,63.2 3 32
uangel.com/usmsf/implements/utils/timerheap.go:66.43,67.23 1 7
uangel.com/usmsf/implements/utils/timerheap.go:70.2,70.19 1 7
uangel.com/usmsf/implements/utils/timerheap.go:67.23,69.3 1 0
uangel.com/usmsf/implements/utils/timerheap.go:74.43,75.23 1 0
uangel.com/usmsf/implements/utils/timerheap.go:78.2,78.32 1 0
uangel.com/usmsf/implements/utils/timerheap.go:75.23,77.3 1 0
uangel.com/usmsf/implements/utils/timerheap.go:82.37,84.2 1 0
uangel.com/usmsf/implements/utils/timerheap.go:87.47,89.2 1 1
uangel.com/usmsf/implements/utils/timerheap.go:92.46,94.2 1 1
uangel.com/usmsf/implements/utils/timerheap.go:97.48,99.2 1 3
uangel.com/usmsf/implements/utils/timerheap.go:102.57,104.2 1 0
uangel.com/usmsf/implements/utils/timerheap.go:107.50,109.2 1 1
uangel.com/usmsf/implements/utils/timerheap.go:112.31,114.2 1 295
uangel.com/usmsf/implements/utils/timerheap.go:117.41,119.2 1 0
uangel.com/usmsf/implements/utils/timerheap.go:122.36,126.2 3 1
uangel.com/usmsf/implements/utils/timerheap.go:129.41,133.2 3 3
uangel.com/usmsf/implements/utils/timerheap.go:136.39,143.2 6 2
uangel.com/usmsf/implements/utils/checkidlemap.go:41.119,42.21 1 0
uangel.com/usmsf/implements/utils/checkidlemap.go:45.2,45.22 1 0
uangel.com/usmsf/implements/utils/checkidlemap.go:48.2,48.22 1 0
uangel.com/usmsf/implements/utils/checkidlemap.go:51.2,58.34 2 0
uangel.com/usmsf/implements/utils/checkidlemap.go:65.2,66.10 2 0
uangel.com/usmsf/implements/utils/checkidlemap.go:42.21,44.3 1 0
uangel.com/usmsf/implements/utils/checkidlemap.go:45.22,47.3 1 0
uangel.com/usmsf/implements/utils/checkidlemap.go:48.22,50.3 1 0
uangel.com/usmsf/implements/utils/checkidlemap.go:58.34,63.3 1 0
uangel.com/usmsf/implements/utils/checkidlemap.go:70.32,72.2 1 0
uangel.com/usmsf/implements/utils/checkidlemap.go:75.64,77.2 1 0
uangel.com/usmsf/implements/utils/checkidlemap.go:80.36,82.33 2 0
uangel.com/usmsf/implements/utils/checkidlemap.go:87.2,87.14 1 0
uangel.com/usmsf/implements/utils/checkidlemap.go:82.33,86.3 3 0
uangel.com/usmsf/implements/utils/checkidlemap.go:91.60,96.9 5 0
uangel.com/usmsf/implements/utils/checkidlemap.go:99.2,99.25 1 0
uangel.com/usmsf/implements/utils/checkidlemap.go:96.9,98.3 1 0
uangel.com/usmsf/implements/utils/checkidlemap.go:103.64,108.8 5 0
uangel.com/usmsf/implements/utils/checkidlemap.go:112.2,119.13 5 0
uangel.com/usmsf/implements/utils/checkidlemap.go:108.8,111.3 2 0
uangel.com/usmsf/implements/utils/checkidlemap.go:123.71,128.8 5 0
uangel.com/usmsf/implements/utils/checkidlemap.go:131.2,137.13 4 0
uangel.com/usmsf/implements/utils/checkidlemap.go:128.8,130.3 1 0
uangel.com/usmsf/implements/utils/checkidlemap.go:141.58,142.31 1 0
uangel.com/usmsf/implements/utils/checkidlemap.go:142.31,144.3 1 0
uangel.com/usmsf/implements/utils/checkidlemap.go:148.55,153.9 5 0
uangel.com/usmsf/implements/utils/checkidlemap.go:156.2,158.19 3 0
uangel.com/usmsf/implements/utils/checkidlemap.go:153.9,155.3 1 0
uangel.com/usmsf/implements/utils/checkidlemap.go:162.36,163.33 1 0
uangel.com/usmsf/implements/utils/checkidlemap.go:163.33,165.41 2 0
uangel.com/usmsf/implements/utils/checkidlemap.go:175.3,175.17 1 0
uangel.com/usmsf/implements/utils/checkidlemap.go:165.41,167.16 2 0
uangel.com/usmsf/implements/utils/checkidlemap.go:170.4,173.33 4 0
uangel.com/usmsf/implements/utils/checkidlemap.go:167.16,168.10 1 0
uangel.com/usmsf/implements/utils/checkidlemap.go:179.51,182.33 3 0
uangel.com/usmsf/implements/utils/checkidlemap.go:182.33,186.28 4 0
uangel.com/usmsf/implements/utils/checkidlemap.go:186.28,189.16 3 0
uangel.com/usmsf/implements/utils/checkidlemap.go:194.4,195.47 2 0
uangel.com/usmsf/implements/utils/checkidlemap.go:198.4,199.23 2 0
uangel.com/usmsf/implements/utils/checkidlemap.go:204.4,205.14 2 0
uangel.com/usmsf/implements/utils/checkidlemap.go:212.4,212.18 1 0
uangel.com/usmsf/implements/utils/checkidlemap.go:189.16,191.5 1 0
uangel.com/usmsf/implements/utils/checkidlemap.go:191.10,193.5 1 0
uangel.com/usmsf/implements/utils/checkidlemap.go:195.47,196.10 1 0
uangel.com/usmsf/implements/utils/checkidlemap.go:199.23,201.5 1 0
uangel.com/usmsf/implements/utils/checkidlemap.go:201.10,203.5 1 0
uangel.com/usmsf/implements/utils/checkidlemap.go:205.14,208.5 2 0
uangel.com/usmsf/implements/utils/checkidlemap.go:208.10,211.5 2 0
uangel.com/usmsf/implements/utils/checkidlemap.go:218.38,219.28 1 0
uangel.com/usmsf/implements/utils/checkidlemap.go:223.2,223.15 1 0
uangel.com/usmsf/implements/utils/checkidlemap.go:219.28,222.3 2 0
uangel.com/usmsf/implements/utils/converters.go:6.52,8.21 2 0
uangel.com/usmsf/implements/utils/converters.go:11.2,11.13 1 0
uangel.com/usmsf/implements/utils/converters.go:8.21,10.3 1 0
uangel.com/usmsf/implements/utils/converters.go:15.77,19.16 3 0
uangel.com/usmsf/implements/utils/converters.go:22.2,22.20 1 0
uangel.com/usmsf/implements/utils/converters.go:19.16,21.3 1 0
uangel.com/usmsf/implements/utils/converters.go:26.80,29.16 2 0
uangel.com/usmsf/implements/utils/converters.go:32.2,32.41 1 0
uangel.com/usmsf/implements/utils/converters.go:29.16,31.3 1 0
uangel.com/usmsf/implements/utils/expiremap.go:32.70,33.21 1 1
uangel.com/usmsf/implements/utils/expiremap.go:36.2,36.19 1 1
uangel.com/usmsf/implements/utils/expiremap.go:39.2,44.34 2 1
uangel.com/usmsf/implements/utils/expiremap.go:51.2,52.10 2 1
uangel.com/usmsf/implements/utils/expiremap.go:33.21,35.3 1 1
uangel.com/usmsf/implements/utils/expiremap.go:36.19,38.3 1 0
uangel.com/usmsf/implements/utils/expiremap.go:44.34,49.3 1 32
uangel.com/usmsf/implements/utils/expiremap.go:56.29,58.2 1 1
uangel.com/usmsf/implements/utils/expiremap.go:61.58,63.2 1 10
uangel.com/usmsf/implements/utils/expiremap.go:66.33,68.33 2 7
uangel.com/usmsf/implements/utils/expiremap.go:73.2,73.14 1 7
uangel.com/usmsf/implements/utils/expiremap.go:68.33,72.3 3 224
uangel.com/usmsf/implements/utils/expiremap.go:77.90,82.9 5 1
uangel.com/usmsf/implements/utils/expiremap.go:85.2,87.25 3 1
uangel.com/usmsf/implements/utils/expiremap.go:82.9,84.3 1 0
uangel.com/usmsf/implements/utils/expiremap.go:91.57,96.9 5 5
uangel.com/usmsf/implements/utils/expiremap.go:99.2,99.25 1 3
uangel.com/usmsf/implements/utils/expiremap.go:96.9,98.3 1 2
uangel.com/usmsf/implements/utils/expiremap.go:103.79,108.8 5 3
uangel.com/usmsf/implements/utils/expiremap.go:114.2,122.13 6 3
uangel.com/usmsf/implements/utils/expiremap.go:108.8,113.3 4 0
uangel.com/usmsf/implements/utils/expiremap.go:126.86,131.8 5 0
uangel.com/usmsf/implements/utils/expiremap.go:134.2,142.13 6 0
uangel.com/usmsf/implements/utils/expiremap.go:131.8,133.3 1 0
uangel.com/usmsf/implements/utils/expiremap.go:146.73,147.31 1 0
uangel.com/usmsf/implements/utils/expiremap.go:147.31,149.3 1 0
uangel.com/usmsf/implements/utils/expiremap.go:153.52,158.9 5 1
uangel.com/usmsf/implements/utils/expiremap.go:161.2,163.19 3 1
uangel.com/usmsf/implements/utils/expiremap.go:158.9,160.3 1 0
uangel.com/usmsf/implements/utils/expiremap.go:166.33,167.33 1 0
uangel.com/usmsf/implements/utils/expiremap.go:167.33,169.46 2 0
uangel.com/usmsf/implements/utils/expiremap.go:179.3,179.17 1 0
uangel.com/usmsf/implements/utils/expiremap.go:169.46,171.19 2 0
uangel.com/usmsf/implements/utils/expiremap.go:174.4,177.33 4 0
uangel.com/usmsf/implements/utils/expiremap.go:171.19,172.10 1 0
uangel.com/usmsf/implements/utils/expiremap.go:183.42,185.33 2 8
uangel.com/usmsf/implements/utils/expiremap.go:185.33,187.46 2 256
uangel.com/usmsf/implements/utils/expiremap.go:202.3,202.17 1 256
uangel.com/usmsf/implements/utils/expiremap.go:187.46,189.43 2 7
uangel.com/usmsf/implements/utils/expiremap.go:192.4,197.23 6 1
uangel.com/usmsf/implements/utils/expiremap.go:200.4,200.16 1 1
uangel.com/usmsf/implements/utils/expiremap.go:189.43,190.10 1 6
uangel.com/usmsf/implements/utils/expiremap.go:197.23,199.5 1 1
uangel.com/usmsf/implements/utils/expiremap.go:207.35,208.28 1 1
uangel.com/usmsf/implements/utils/expiremap.go:211.2,211.15 1 0
uangel.com/usmsf/implements/utils/expiremap.go:208.28,210.3 1 8
